f:\game\3d-game-engine\deps\src\freeglut_shared\tmp\debug\win32\vc142.pdb
f:\game\3d-game-engine\deps\src\freeglut_shared\tmp\debug\win32\vc142.idb
f:\game\3d-game-engine\deps\src\freeglut_shared\tmp\debug\win32\freeglut_structure.obj
f:\game\3d-game-engine\deps\src\freeglut_shared\tmp\debug\win32\freeglut_stroke_roman.obj
f:\game\3d-game-engine\deps\src\freeglut_shared\tmp\debug\win32\freeglut_stroke_mono_roman.obj
f:\game\3d-game-engine\deps\src\freeglut_shared\tmp\debug\win32\freeglut_state.obj
f:\game\3d-game-engine\deps\src\freeglut_shared\tmp\debug\win32\freeglut_overlay.obj
f:\game\3d-game-engine\deps\src\freeglut_shared\tmp\debug\win32\freeglut_misc.obj
f:\game\3d-game-engine\deps\src\freeglut_shared\tmp\debug\win32\freeglut_menu.obj
f:\game\3d-game-engine\deps\src\freeglut_shared\tmp\debug\win32\freeglut_main.obj
f:\game\3d-game-engine\deps\src\freeglut_shared\tmp\debug\win32\freeglut_joystick.obj
f:\game\3d-game-engine\deps\src\freeglut_shared\tmp\debug\win32\freeglut_input_devices.obj
f:\game\3d-game-engine\deps\src\freeglut_shared\tmp\debug\win32\freeglut_init.obj
f:\game\3d-game-engine\deps\src\freeglut_shared\tmp\debug\win32\freeglut_glutfont_definitions.obj
f:\game\3d-game-engine\deps\src\freeglut_shared\tmp\debug\win32\freeglut_geometry.obj
f:\game\3d-game-engine\deps\src\freeglut_shared\tmp\debug\win32\freeglut_gamemode.obj
f:\game\3d-game-engine\deps\src\freeglut_shared\tmp\debug\win32\freeglut_font_data.obj
f:\game\3d-game-engine\deps\src\freeglut_shared\tmp\debug\win32\freeglut_font.obj
f:\game\3d-game-engine\deps\src\freeglut_shared\tmp\debug\win32\freeglut_ext.obj
f:\game\3d-game-engine\deps\src\freeglut_shared\tmp\debug\win32\freeglut_display.obj
f:\game\3d-game-engine\deps\src\freeglut_shared\tmp\debug\win32\freeglut_cursor.obj
f:\game\3d-game-engine\deps\src\freeglut_shared\tmp\debug\win32\freeglut_callbacks.obj
f:\game\3d-game-engine\deps\src\freeglut_shared\tmp\debug\win32\freeglut_window.obj
f:\game\3d-game-engine\deps\src\freeglut_shared\tmp\debug\win32\freeglut_videoresize.obj
f:\game\3d-game-engine\deps\src\freeglut_shared\tmp\debug\win32\freeglut_teapot.obj
f:\game\3d-game-engine\deps\src\freeglut_shared\tmp\debug\win32\freeglut_shared.tlog\cl.command.1.tlog
f:\game\3d-game-engine\deps\src\freeglut_shared\tmp\debug\win32\freeglut_shared.tlog\cl.read.1.tlog
f:\game\3d-game-engine\deps\src\freeglut_shared\tmp\debug\win32\freeglut_shared.tlog\cl.write.1.tlog
f:\game\3d-game-engine\deps\src\freeglut_shared\tmp\debug\win32\freeglut_shared.tlog\link.command.1.tlog
f:\game\3d-game-engine\deps\src\freeglut_shared\tmp\debug\win32\freeglut_shared.tlog\link.read.1.tlog
f:\game\3d-game-engine\deps\src\freeglut_shared\tmp\debug\win32\freeglut_shared.tlog\link.write.1.tlog
