The system is: Windows - 10.0.18362 - AMD64
Compiling the C compiler identification source file "CMakeCCompilerId.c" succeeded.
Compiler: c:/program files (x86)/microsoft visual studio/2019/community/VC/Tools/MSVC/14.25.28610/bin/HostX86/x64/cl.exe 
Build flags: 
Id flags:  

The output was:
0
用于 x64 的 Microsoft (R) C/C++ 优化编译器 19.25.28614 版
版权所有(C) Microsoft Corporation。保留所有权利。

CMakeCCompilerId.c
Microsoft (R) Incremental Linker Version 14.25.28614.0
Copyright (C) Microsoft Corporation.  All rights reserved.

/out:CMakeCCompilerId.exe 
CMakeCCompilerId.obj 


Compilation of the C compiler identification source "CMakeCCompilerId.c" produced "CMakeCCompilerId.exe"

Compilation of the C compiler identification source "CMakeCCompilerId.c" produced "CMakeCCompilerId.obj"

The C compiler identification is MSVC, found in "F:/Game/3D-Game-Engine/Project/Deps/Include/Bullet3Collision/out/build/x86-Debug/CMakeFiles/3.16.19112601-MSVC_2/CompilerIdC/CMakeCCompilerId.exe"

Compiling the CXX compiler identification source file "CMakeCXXCompilerId.cpp" succeeded.
Compiler: c:/program files (x86)/microsoft visual studio/2019/community/VC/Tools/MSVC/14.25.28610/bin/HostX86/x64/cl.exe 
Build flags: 
Id flags:  

The output was:
0
用于 x64 的 Microsoft (R) C/C++ 优化编译器 19.25.28614 版
版权所有(C) Microsoft Corporation。保留所有权利。

CMakeCXXCompilerId.cpp
Microsoft (R) Incremental Linker Version 14.25.28614.0
Copyright (C) Microsoft Corporation.  All rights reserved.

/out:CMakeCXXCompilerId.exe 
CMakeCXXCompilerId.obj 


Compilation of the CXX compiler identification source "CMakeCXXCompilerId.cpp" produced "CMakeCXXCompilerId.exe"

Compilation of the CXX compiler identification source "CMakeCXXCompilerId.cpp" produced "CMakeCXXCompilerId.obj"

The CXX compiler identification is MSVC, found in "F:/Game/3D-Game-Engine/Project/Deps/Include/Bullet3Collision/out/build/x86-Debug/CMakeFiles/3.16.19112601-MSVC_2/CompilerIdCXX/CMakeCXXCompilerId.exe"

Determining if the C compiler works passed with the following output:
Change Dir: F:/Game/3D-Game-Engine/Project/Deps/Include/Bullet3Collision/out/build/x86-Debug/CMakeFiles/CMakeTmp

Run Build Command(s):C:/Program Files (x86)/Microsoft Visual Studio/2019/Community/Common7/IDE/CommonExtensions/Microsoft/CMake/Ninja/ninja.exe cmTC_ff546 && [1/2] Building C object CMakeFiles\cmTC_ff546.dir\testCCompiler.c.obj
[2/2] Linking C executable cmTC_ff546.exe



Detecting C compiler ABI info compiled with the following output:
Change Dir: F:/Game/3D-Game-Engine/Project/Deps/Include/Bullet3Collision/out/build/x86-Debug/CMakeFiles/CMakeTmp

Run Build Command(s):C:/Program Files (x86)/Microsoft Visual Studio/2019/Community/Common7/IDE/CommonExtensions/Microsoft/CMake/Ninja/ninja.exe cmTC_6d925 && [1/2] Building C object CMakeFiles\cmTC_6d925.dir\CMakeCCompilerABI.c.obj
[2/2] Linking C executable cmTC_6d925.exe



Determining if the CXX compiler works passed with the following output:
Change Dir: F:/Game/3D-Game-Engine/Project/Deps/Include/Bullet3Collision/out/build/x86-Debug/CMakeFiles/CMakeTmp

Run Build Command(s):C:/Program Files (x86)/Microsoft Visual Studio/2019/Community/Common7/IDE/CommonExtensions/Microsoft/CMake/Ninja/ninja.exe cmTC_73bef && [1/2] Building CXX object CMakeFiles\cmTC_73bef.dir\testCXXCompiler.cxx.obj
[2/2] Linking CXX executable cmTC_73bef.exe



Detecting CXX compiler ABI info compiled with the following output:
Change Dir: F:/Game/3D-Game-Engine/Project/Deps/Include/Bullet3Collision/out/build/x86-Debug/CMakeFiles/CMakeTmp

Run Build Command(s):C:/Program Files (x86)/Microsoft Visual Studio/2019/Community/Common7/IDE/CommonExtensions/Microsoft/CMake/Ninja/ninja.exe cmTC_68ead && [1/2] Building CXX object CMakeFiles\cmTC_68ead.dir\CMakeCXXCompilerABI.cpp.obj
[2/2] Linking CXX executable cmTC_68ead.exe



